2021-06-30 21:01:57.281  INFO 2168 --- [restartedMain] com.gihanz.Application                   : Starting Application using Java 11.0.11 on DESKTOP-OTALVBE with PID 2168 (D:\JAVA\curds-example\build\classes\java\main started by egb in D:\JAVA\curds-example)
2021-06-30 21:01:57.285  INFO 2168 --- [restartedMain] com.gihanz.Application                   : No active profile set, falling back to default profiles: default
2021-06-30 21:01:57.364  INFO 2168 --- [restartedMain] o.s.b.devtools.restart.ChangeableUrls    : The Class-Path manifest attribute in C:\Users\egb\.gradle\caches\modules-2\files-2.1\org.glassfish.hk2\hk2\2.6.1\3b971d09e8b3d0a34c7b96cddb920164f99430d4\hk2-2.6.1.jar referenced one or more files that do not exist: file:/C:/Users/egb/.gradle/caches/modules-2/files-2.1/org.glassfish.hk2/hk2/2.6.1/3b971d09e8b3d0a34c7b96cddb920164f99430d4/hk2-utils.jar,file:/C:/Users/egb/.gradle/caches/modules-2/files-2.1/org.glassfish.hk2/hk2/2.6.1/3b971d09e8b3d0a34c7b96cddb920164f99430d4/jakarta.annotation-api.jar,file:/C:/Users/egb/.gradle/caches/modules-2/files-2.1/org.glassfish.hk2/hk2/2.6.1/3b971d09e8b3d0a34c7b96cddb920164f99430d4/jakarta.inject.jar,file:/C:/Users/egb/.gradle/caches/modules-2/files-2.1/org.glassfish.hk2/hk2/2.6.1/3b971d09e8b3d0a34c7b96cddb920164f99430d4/hk2-api.jar,file:/C:/Users/egb/.gradle/caches/modules-2/files-2.1/org.glassfish.hk2/hk2/2.6.1/3b971d09e8b3d0a34c7b96cddb920164f99430d4/aopalliance-repackaged.jar,file:/C:/Users/egb/.gradle/caches/modules-2/files-2.1/org.glassfish.hk2/hk2/2.6.1/3b971d09e8b3d0a34c7b96cddb920164f99430d4/hk2-core.jar,file:/C:/Users/egb/.gradle/caches/modules-2/files-2.1/org.glassfish.hk2/hk2/2.6.1/3b971d09e8b3d0a34c7b96cddb920164f99430d4/hk2-locator.jar,file:/C:/Users/egb/.gradle/caches/modules-2/files-2.1/org.glassfish.hk2/hk2/2.6.1/3b971d09e8b3d0a34c7b96cddb920164f99430d4/javassist.jar,file:/C:/Users/egb/.gradle/caches/modules-2/files-2.1/org.glassfish.hk2/hk2/2.6.1/3b971d09e8b3d0a34c7b96cddb920164f99430d4/hk2-runlevel.jar,file:/C:/Users/egb/.gradle/caches/modules-2/files-2.1/org.glassfish.hk2/hk2/2.6.1/3b971d09e8b3d0a34c7b96cddb920164f99430d4/class-model.jar,file:/C:/Users/egb/.gradle/caches/modules-2/files-2.1/org.glassfish.hk2/hk2/2.6.1/3b971d09e8b3d0a34c7b96cddb920164f99430d4/asm.jar,file:/C:/Users/egb/.gradle/caches/modules-2/files-2.1/org.glassfish.hk2/hk2/2.6.1/3b971d09e8b3d0a34c7b96cddb920164f99430d4/asm-analysis.jar,file:/C:/Users/egb/.gradle/caches/modules-2/files-2.1/org.glassfish.hk2/hk2/2.6.1/3b971d09e8b3d0a34c7b96cddb920164f99430d4/asm-commons.jar,file:/C:/Users/egb/.gradle/caches/modules-2/files-2.1/org.glassfish.hk2/hk2/2.6.1/3b971d09e8b3d0a34c7b96cddb920164f99430d4/asm-tree.jar,file:/C:/Users/egb/.gradle/caches/modules-2/files-2.1/org.glassfish.hk2/hk2/2.6.1/3b971d09e8b3d0a34c7b96cddb920164f99430d4/asm-util.jar
2021-06-30 21:01:57.366  INFO 2168 --- [restartedMain] .e.DevToolsPropertyDefaultsPostProcessor : Devtools property defaults active! Set 'spring.devtools.add-properties' to 'false' to disable
2021-06-30 21:01:57.367  INFO 2168 --- [restartedMain] .e.DevToolsPropertyDefaultsPostProcessor : For additional web related logging consider setting the 'logging.level.web' property to 'DEBUG'
2021-06-30 21:01:58.313  INFO 2168 --- [restartedMain] .s.d.r.c.RepositoryConfigurationDelegate : Bootstrapping Spring Data JPA repositories in DEFAULT mode.
2021-06-30 21:01:58.382  INFO 2168 --- [restartedMain] .s.d.r.c.RepositoryConfigurationDelegate : Finished Spring Data repository scanning in 59 ms. Found 2 JPA repository interfaces.
2021-06-30 21:01:59.054  INFO 2168 --- [restartedMain] o.s.b.w.embedded.tomcat.TomcatWebServer  : Tomcat initialized with port(s): 8090 (http)
2021-06-30 21:01:59.062  INFO 2168 --- [restartedMain] o.apache.catalina.core.StandardService   : Starting service [Tomcat]
2021-06-30 21:01:59.063  INFO 2168 --- [restartedMain] org.apache.catalina.core.StandardEngine  : Starting Servlet engine: [Apache Tomcat/9.0.48]
2021-06-30 21:01:59.175  INFO 2168 --- [restartedMain] o.a.c.c.C.[Tomcat].[localhost].[/]       : Initializing Spring embedded WebApplicationContext
2021-06-30 21:01:59.175  INFO 2168 --- [restartedMain] w.s.c.ServletWebServerApplicationContext : Root WebApplicationContext: initialization completed in 1807 ms
2021-06-30 21:01:59.340  INFO 2168 --- [restartedMain] o.hibernate.jpa.internal.util.LogHelper  : HHH000204: Processing PersistenceUnitInfo [name: default]
2021-06-30 21:01:59.400  INFO 2168 --- [restartedMain] org.hibernate.Version                    : HHH000412: Hibernate ORM core version 5.4.32.Final
2021-06-30 21:01:59.542  INFO 2168 --- [restartedMain] o.hibernate.annotations.common.Version   : HCANN000001: Hibernate Commons Annotations {5.1.2.Final}
2021-06-30 21:01:59.647  INFO 2168 --- [restartedMain] com.zaxxer.hikari.HikariDataSource       : HikariPool-1 - Starting...
2021-06-30 21:01:59.903  INFO 2168 --- [restartedMain] com.zaxxer.hikari.HikariDataSource       : HikariPool-1 - Start completed.
2021-06-30 21:01:59.919  INFO 2168 --- [restartedMain] org.hibernate.dialect.Dialect            : HHH000400: Using dialect: org.hibernate.dialect.PostgreSQLDialect
2021-06-30 21:02:01.955  INFO 2168 --- [restartedMain] o.h.e.t.j.p.i.JtaPlatformInitiator       : HHH000490: Using JtaPlatform implementation: [org.hibernate.engine.transaction.jta.platform.internal.NoJtaPlatform]
2021-06-30 21:02:01.965  INFO 2168 --- [restartedMain] j.LocalContainerEntityManagerFactoryBean : Initialized JPA EntityManagerFactory for persistence unit 'default'
2021-06-30 21:02:02.447  WARN 2168 --- [restartedMain] JpaBaseConfiguration$JpaWebConfiguration : spring.jpa.open-in-view is enabled by default. Therefore, database queries may be performed during view rendering. Explicitly configure spring.jpa.open-in-view to disable this warning
2021-06-30 21:02:02.790  INFO 2168 --- [restartedMain] o.s.b.d.a.OptionalLiveReloadServer       : LiveReload server is running on port 35729
2021-06-30 21:02:02.827  INFO 2168 --- [restartedMain] o.s.b.w.embedded.tomcat.TomcatWebServer  : Tomcat started on port(s): 8090 (http) with context path ''
2021-06-30 21:02:02.843  INFO 2168 --- [restartedMain] com.gihanz.Application                   : Started Application in 6.222 seconds (JVM running for 7.837)
2021-06-30 21:02:05.697  INFO 2168 --- [http-nio-8090-exec-2] o.a.c.c.C.[Tomcat].[localhost].[/]       : Initializing Spring DispatcherServlet 'dispatcherServlet'
2021-06-30 21:02:05.698  INFO 2168 --- [http-nio-8090-exec-2] o.s.web.servlet.DispatcherServlet        : Initializing Servlet 'dispatcherServlet'
2021-06-30 21:02:05.704  INFO 2168 --- [http-nio-8090-exec-2] o.s.web.servlet.DispatcherServlet        : Completed initialization in 5 ms
2021-06-30 21:02:05.740  INFO 2168 --- [http-nio-8090-exec-2] c.g.c.StudentServiceControllers          : -->> GET ALL
2021-06-30 21:02:06.045  INFO 2168 --- [http-nio-8090-exec-2] com.gihanz.services.StudentService       : List--->>[StudentDTO(id=1, name=GIHAN RATHNAYAKA, initials=E.G.B, lastName=cccc, dob=1993-10-20, created_at=2021-06-29T20:02:30.318165, updated_at=null, studentContact=null), StudentDTO(id=2, name=GIHAN RATHNAYAKA, initials=E.G.B, lastName=cccc, dob=1993-10-20, created_at=2021-06-29T20:02:31.264098, updated_at=null, studentContact=null), StudentDTO(id=3, name=GIHAN RATHNAYAKA, initials=E.G.B, lastName=cccc, dob=1993-10-20, created_at=2021-06-29T20:02:32.426144, updated_at=null, studentContact=null), StudentDTO(id=4, name=GIHAN RATHNAYAKA, initials=E.G.B, lastName=cccc, dob=1993-10-20, created_at=2021-06-29T20:02:33.176212, updated_at=null, studentContact=null), StudentDTO(id=6, name=GIHAN RATHNAYAKA, initials=E.G.B, lastName=cccc, dob=1993-10-20, created_at=2021-06-30T20:59:34.437544, updated_at=null, studentContact=null)]
